android/app/build/intermediates/manifest_merge_blame_file/release/manifest-merger-blame-release-report.txt
1<?xml version="1.0" encoding="utf-8"?>
2<manifest xmlns:android="http://schemas.android.com/apk/res/android"
3    package="com.tech.iaiindia
"
4    android:versionCode="1"
5    android:versionName="1.0.0" >
6
7    <uses-sdk
8        android:minSdkVersion="24"
9        android:targetSdkVersion="33" />
10
11    <uses-permission android:name="android.permission.INTERNET" />
11-->src/main/AndroidManifest.xml:3:5-67
11-->src/main/AndroidManifest.xml:3:22-64
12    <uses-permission android:name="android.permission.ACCESS_NETWORK_STATE" />
12-->src/main/AndroidManifest.xml:4:5-79
12-->src/main/AndroidManifest.xml:4:22-76
13
14    <meta-data
14-->src/main/AndroidManifest.xml:7:5-9:29
15        android:name="flutterEmbedding"
15-->src/main/AndroidManifest.xml:8:9-40
16        android:value="2" />
16-->src/main/AndroidManifest.xml:9:9-26
17    <meta-data
17-->src/main/AndroidManifest.xml:11:5-13:66
18        android:name="com.google.android.geo.API_KEY"
18-->src/main/AndroidManifest.xml:12:9-54
19        android:value="AIzaSyDANd909poy6wkK9p8JsUdfS96ozeBZbBs" />
19-->src/main/AndroidManifest.xml:13:9-64
20    <!--
21         Required to query activities that can process text, see:
22         https://developer.android.com/training/package-visibility and
23         https://developer.android.com/reference/android/content/Intent#ACTION_PROCESS_TEXT.
24
25         In particular, this is used by the Flutter engine in io.flutter.plugin.text.ProcessTextPlugin.
26    -->
27    <queries>
27-->src/main/AndroidManifest.xml:54:5-59:15
28        <intent>
28-->src/main/AndroidManifest.xml:55:9-58:18
29            <action android:name="android.intent.action.PROCESS_TEXT" />
29-->src/main/AndroidManifest.xml:56:13-72
29-->src/main/AndroidManifest.xml:56:21-70
30
31            <data android:mimeType="text/plain" />
31-->src/main/AndroidManifest.xml:57:13-50
31-->src/main/AndroidManifest.xml:57:19-48
32        </intent>
33    </queries>
34
35    <permission
35-->[androidx.core:core:1.13.1] AndroidManifest.xml:22:5-24:47
36        android:name="com.tech.iaiindia
.DYNAMIC_RECEIVER_NOT_EXPORTED_PERMISSION"
36-->[androidx.core:core:1.13.1] AndroidManifest.xml:23:9-81
37        android:protectionLevel="signature" />
37-->[androidx.core:core:1.13.1] AndroidManifest.xml:24:9-44
38
39    <uses-permission android:name="com.tech.iaiindia
.DYNAMIC_RECEIVER_NOT_EXPORTED_PERMISSION" />
39-->[androidx.core:core:1.13.1] AndroidManifest.xml:26:5-97
39-->[androidx.core:core:1.13.1] AndroidManifest.xml:26:22-94
40
41    <application
42        android:name="android.app.Application"
42-->src/main/AndroidManifest.xml:18:9-42
43        android:appComponentFactory="androidx.core.app.CoreComponentFactory"
43-->[androidx.core:core:1.13.1] AndroidManifest.xml:28:18-86
44        android:enableOnBackInvokedCallback="true"
44-->src/main/AndroidManifest.xml:20:9-51
45        android:extractNativeLibs="false"
46        android:icon="@mipmap/ic_launcher"
46-->src/main/AndroidManifest.xml:19:9-43
47        android:label="AIIndia" >
47-->src/main/AndroidManifest.xml:17:9-32
48        <activity
48-->src/main/AndroidManifest.xml:21:9-42:20
49            android:name="com.tech.iaiindia
.MainActivity"
49-->src/main/AndroidManifest.xml:22:13-41
50            android:configChanges="orientation|keyboardHidden|keyboard|screenSize|smallestScreenSize|locale|layoutDirection|fontScale|screenLayout|density|uiMode"
50-->src/main/AndroidManifest.xml:27:13-163
51            android:exported="true"
51-->src/main/AndroidManifest.xml:23:13-36
52            android:hardwareAccelerated="true"
52-->src/main/AndroidManifest.xml:28:13-47
53            android:launchMode="singleTop"
53-->src/main/AndroidManifest.xml:24:13-43
54            android:taskAffinity=""
54-->src/main/AndroidManifest.xml:25:13-36
55            android:theme="@style/LaunchTheme"
55-->src/main/AndroidManifest.xml:26:13-47
56            android:windowSoftInputMode="adjustResize" >
56-->src/main/AndroidManifest.xml:29:13-55
57
58            <!--
59                 Specifies an Android theme to apply to this Activity as soon as
60                 the Android process has started. This theme is visible to the user
61                 while the Flutter UI initializes. After that, this theme continues
62                 to determine the Window background behind the Flutter UI.
63            -->
64            <meta-data
64-->src/main/AndroidManifest.xml:34:13-37:17
65                android:name="io.flutter.embedding.android.NormalTheme"
65-->src/main/AndroidManifest.xml:35:15-70
66                android:resource="@style/NormalTheme" />
66-->src/main/AndroidManifest.xml:36:15-52
67
68            <intent-filter>
68-->src/main/AndroidManifest.xml:38:13-41:29
69                <action android:name="android.intent.action.MAIN" />
69-->src/main/AndroidManifest.xml:39:17-68
69-->src/main/AndroidManifest.xml:39:25-66
70
71                <category android:name="android.intent.category.LAUNCHER" />
71-->src/main/AndroidManifest.xml:40:17-76
71-->src/main/AndroidManifest.xml:40:27-74
72            </intent-filter>
73        </activity>
74        <!--
75             Don't delete the meta-data below.
76             This is used by the Flutter tool to generate GeneratedPluginRegistrant.java
77        -->
78        <meta-data
78-->src/main/AndroidManifest.xml:7:5-9:29
79            android:name="flutterEmbedding"
79-->src/main/AndroidManifest.xml:8:9-40
80            android:value="2" />
80-->src/main/AndroidManifest.xml:9:9-26
81
82        <uses-library
82-->[androidx.window:window:1.2.0] AndroidManifest.xml:23:9-25:40
83            android:name="androidx.window.extensions"
83-->[androidx.window:window:1.2.0] AndroidManifest.xml:24:13-54
84            android:required="false" />
84-->[androidx.window:window:1.2.0] AndroidManifest.xml:25:13-37
85        <uses-library
85-->[androidx.window:window:1.2.0] AndroidManifest.xml:26:9-28:40
86            android:name="androidx.window.sidecar"
86-->[androidx.window:window:1.2.0] AndroidManifest.xml:27:13-51
87            android:required="false" />
87-->[androidx.window:window:1.2.0] AndroidManifest.xml:28:13-37
88
89        <provider
89-->[androidx.lifecycle:lifecycle-process:2.7.0] AndroidManifest.xml:24:9-32:20
90            android:name="androidx.startup.InitializationProvider"
90-->[androidx.lifecycle:lifecycle-process:2.7.0] AndroidManifest.xml:25:13-67
91            android:authorities="com.tech.iaiindia
.androidx-startup"
91-->[androidx.lifecycle:lifecycle-process:2.7.0] AndroidManifest.xml:26:13-68
92            android:exported="false" >
92-->[androidx.lifecycle:lifecycle-process:2.7.0] AndroidManifest.xml:27:13-37
93            <meta-data
93-->[androidx.lifecycle:lifecycle-process:2.7.0] AndroidManifest.xml:29:13-31:52
94                android:name="androidx.lifecycle.ProcessLifecycleInitializer"
94-->[androidx.lifecycle:lifecycle-process:2.7.0] AndroidManifest.xml:30:17-78
95                android:value="androidx.startup" />
95-->[androidx.lifecycle:lifecycle-process:2.7.0] AndroidManifest.xml:31:17-49
96            <meta-data
96-->[androidx.profileinstaller:profileinstaller:1.3.1] AndroidManifest.xml:29:13-31:52
97                android:name="androidx.profileinstaller.ProfileInstallerInitializer"
97-->[androidx.profileinstaller:profileinstaller:1.3.1] AndroidManifest.xml:30:17-85
98                android:value="androidx.startup" />
98-->[androidx.profileinstaller:profileinstaller:1.3.1] AndroidManifest.xml:31:17-49
99        </provider>
100
101        <receiver
101-->[androidx.profileinstaller:profileinstaller:1.3.1] AndroidManifest.xml:34:9-52:20
102            android:name="androidx.profileinstaller.ProfileInstallReceiver"
102-->[androidx.profileinstaller:profileinstaller:1.3.1] AndroidManifest.xml:35:13-76
103            android:directBootAware="false"
103-->[androidx.profileinstaller:profileinstaller:1.3.1] AndroidManifest.xml:36:13-44
104            android:enabled="true"
104-->[androidx.profileinstaller:profileinstaller:1.3.1] AndroidManifest.xml:37:13-35
105            android:exported="true"
105-->[androidx.profileinstaller:profileinstaller:1.3.1] AndroidManifest.xml:38:13-36
106            android:permission="android.permission.DUMP" >
106-->[androidx.profileinstaller:profileinstaller:1.3.1] AndroidManifest.xml:39:13-57
107            <intent-filter>
107-->[androidx.profileinstaller:profileinstaller:1.3.1] AndroidManifest.xml:40:13-42:29
108                <action android:name="androidx.profileinstaller.action.INSTALL_PROFILE" />
108-->[androidx.profileinstaller:profileinstaller:1.3.1] AndroidManifest.xml:41:17-91
108-->[androidx.profileinstaller:profileinstaller:1.3.1] AndroidManifest.xml:41:25-88
109            </intent-filter>
110            <intent-filter>
110-->[androidx.profileinstaller:profileinstaller:1.3.1] AndroidManifest.xml:43:13-45:29
111                <action android:name="androidx.profileinstaller.action.SKIP_FILE" />
111-->[androidx.profileinstaller:profileinstaller:1.3.1] AndroidManifest.xml:44:17-85
111-->[androidx.profileinstaller:profileinstaller:1.3.1] AndroidManifest.xml:44:25-82
112            </intent-filter>
113            <intent-filter>
113-->[androidx.profileinstaller:profileinstaller:1.3.1] AndroidManifest.xml:46:13-48:29
114                <action android:name="androidx.profileinstaller.action.SAVE_PROFILE" />
114-->[androidx.profileinstaller:profileinstaller:1.3.1] AndroidManifest.xml:47:17-88
114-->[androidx.profileinstaller:profileinstaller:1.3.1] AndroidManifest.xml:47:25-85
115            </intent-filter>
116            <intent-filter>
116-->[androidx.profileinstaller:profileinstaller:1.3.1] AndroidManifest.xml:49:13-51:29
117                <action android:name="androidx.profileinstaller.action.BENCHMARK_OPERATION" />
117-->[androidx.profileinstaller:profileinstaller:1.3.1] AndroidManifest.xml:50:17-95
117-->[androidx.profileinstaller:profileinstaller:1.3.1] AndroidManifest.xml:50:25-92
118            </intent-filter>
119        </receiver>
120    </application>
121
122</manifest>